[debug] [2023-07-04T17:27:53.457Z] ----------------------------------------------------------------------
[debug] [2023-07-04T17:27:53.459Z] Command:       C:\Program Files\nodejs\node.exe C:\Users\marko\AppData\Roaming\npm\node_modules\firebase-tools\lib\bin\firebase.js init
[debug] [2023-07-04T17:27:53.459Z] CLI Version:   12.4.2
[debug] [2023-07-04T17:27:53.459Z] Platform:      win32
[debug] [2023-07-04T17:27:53.460Z] Node Version:  v18.16.1
[debug] [2023-07-04T17:27:53.460Z] Time:          Tue Jul 04 2023 19:27:53 GMT+0200 (közép-európai nyári idő)
[debug] [2023-07-04T17:27:53.460Z] ----------------------------------------------------------------------
[debug] 
[debug] [2023-07-04T17:27:53.466Z] > command requires scopes: ["email","openid","https://www.googleapis.com/auth/cloudplatformprojects.readonly","https://www.googleapis.com/auth/firebase","https://www.googleapis.com/auth/cloud-platform"]
[debug] [2023-07-04T17:27:53.466Z] > authorizing via signed-in user (mrk.gbr@gmail.com)
[info] 
     ######## #### ########  ######## ########     ###     ######  ########
     ##        ##  ##     ## ##       ##     ##  ##   ##  ##       ##
     ######    ##  ########  ######   ########  #########  ######  ######
     ##        ##  ##    ##  ##       ##     ## ##     ##       ## ##
     ##       #### ##     ## ######## ########  ##     ##  ######  ########

You're about to initialize a Firebase project in this directory:

  C:\coding\firebase\firebase-tutorial

Before we get started, keep in mind:

  * You are currently outside your home directory

